<?xml version="1.0" encoding="UTF-8"?>
<!-- Generated by org.testng.reporters.JUnitReportReporter -->
<testsuite skipped="0" hostname="27c63791a1ba" name="com.searchModule.tests.SearchTest" tests="5" failures="0" timestamp="04 Sep 2019 10:34:42 GMT" time="28.664" errors="0">
  <testcase name="search" time="7.992" classname="com.searchModule.tests.SearchTest"/>
  <testcase name="search" time="5.785" classname="com.searchModule.tests.SearchTest"/>
  <testcase name="search" time="4.674" classname="com.searchModule.tests.SearchTest"/>
  <testcase name="search" time="5.181" classname="com.searchModule.tests.SearchTest"/>
  <testcase name="search" time="5.032" classname="com.searchModule.tests.SearchTest"/>
</testsuite> <!-- com.searchModule.tests.SearchTest -->
