<?xml version="1.0" encoding="UTF-8"?>
<!-- Generated by org.testng.reporters.JUnitReportReporter -->
<testsuite skipped="0" hostname="cc2cde19458c" name="com.searchModule.tests.SearchTest" tests="5" failures="0" timestamp="10 Sep 2019 13:23:10 GMT" time="60.900" errors="0">
  <testcase name="search" time="14.622" classname="com.searchModule.tests.SearchTest"/>
  <testcase name="search" time="9.629" classname="com.searchModule.tests.SearchTest"/>
  <testcase name="search" time="15.242" classname="com.searchModule.tests.SearchTest"/>
  <testcase name="search" time="8.646" classname="com.searchModule.tests.SearchTest"/>
  <testcase name="search" time="12.761" classname="com.searchModule.tests.SearchTest"/>
</testsuite> <!-- com.searchModule.tests.SearchTest -->
