<?xml version="1.0" encoding="UTF-8"?>
<!-- Generated by org.testng.reporters.JUnitReportReporter -->
<testsuite skipped="0" hostname="33bbbbe50b94" name="com.searchModule.tests.SearchTest" tests="5" failures="0" timestamp="10 Sep 2019 13:25:06 GMT" time="58.456" errors="0">
  <testcase name="search" time="11.957" classname="com.searchModule.tests.SearchTest"/>
  <testcase name="search" time="14.569" classname="com.searchModule.tests.SearchTest"/>
  <testcase name="search" time="12.931" classname="com.searchModule.tests.SearchTest"/>
  <testcase name="search" time="8.472" classname="com.searchModule.tests.SearchTest"/>
  <testcase name="search" time="10.527" classname="com.searchModule.tests.SearchTest"/>
</testsuite> <!-- com.searchModule.tests.SearchTest -->
