<?xml version="1.0" encoding="UTF-8"?>
<!-- Generated by org.testng.reporters.JUnitReportReporter -->
<testsuite skipped="0" hostname="0ab7a2218811" name="com.newtours.tests.BookFlightTest" tests="20" failures="0" timestamp="10 Sep 2019 13:24:38 GMT" time="153.862" errors="0">
  <testcase name="registrationPageTest" time="8.198" classname="com.newtours.tests.BookFlightTest"/>
  <testcase name="findFlightPageTest" time="2.935" classname="com.newtours.tests.BookFlightTest"/>
  <testcase name="printConfirmationTest" time="1.573" classname="com.newtours.tests.BookFlightTest"/>
  <testcase name="registrationConfirmationTest" time="30.489" classname="com.newtours.tests.BookFlightTest"/>
  <testcase name="flightDetailsPageTest" time="1.732" classname="com.newtours.tests.BookFlightTest"/>
  <testcase name="registrationConfirmationTest" time="36.494" classname="com.newtours.tests.BookFlightTest"/>
  <testcase name="flightDetailsPageTest" time="3.000" classname="com.newtours.tests.BookFlightTest"/>
  <testcase name="findFlightPageTest" time="4.098" classname="com.newtours.tests.BookFlightTest"/>
  <testcase name="registrationConfirmationTest" time="16.351" classname="com.newtours.tests.BookFlightTest"/>
  <testcase name="printConfirmationTest" time="1.933" classname="com.newtours.tests.BookFlightTest"/>
  <testcase name="registrationConfirmationTest" time="2.522" classname="com.newtours.tests.BookFlightTest"/>
  <testcase name="flightDetailsPageTest" time="2.069" classname="com.newtours.tests.BookFlightTest"/>
  <testcase name="printConfirmationTest" time="2.535" classname="com.newtours.tests.BookFlightTest"/>
  <testcase name="registrationPageTest" time="7.906" classname="com.newtours.tests.BookFlightTest"/>
  <testcase name="findFlightPageTest" time="2.885" classname="com.newtours.tests.BookFlightTest"/>
  <testcase name="printConfirmationTest" time="1.508" classname="com.newtours.tests.BookFlightTest"/>
  <testcase name="flightDetailsPageTest" time="2.983" classname="com.newtours.tests.BookFlightTest"/>
  <testcase name="registrationPageTest" time="11.695" classname="com.newtours.tests.BookFlightTest"/>
  <testcase name="findFlightPageTest" time="3.733" classname="com.newtours.tests.BookFlightTest"/>
  <testcase name="registrationPageTest" time="9.223" classname="com.newtours.tests.BookFlightTest"/>
</testsuite> <!-- com.newtours.tests.BookFlightTest -->
