<?xml version="1.0" encoding="UTF-8"?>
<!-- Generated by org.testng.reporters.JUnitReportReporter -->
<testsuite skipped="0" hostname="eb73a4045975" name="com.searchModule.tests.SearchTest" tests="5" failures="0" timestamp="04 Sep 2019 14:01:06 GMT" time="24.919" errors="0">
  <testcase name="search" time="4.469" classname="com.searchModule.tests.SearchTest"/>
  <testcase name="search" time="5.018" classname="com.searchModule.tests.SearchTest"/>
  <testcase name="search" time="4.721" classname="com.searchModule.tests.SearchTest"/>
  <testcase name="search" time="5.891" classname="com.searchModule.tests.SearchTest"/>
  <testcase name="search" time="4.820" classname="com.searchModule.tests.SearchTest"/>
</testsuite> <!-- com.searchModule.tests.SearchTest -->
