<?xml version="1.0" encoding="UTF-8"?>
<!-- Generated by org.testng.reporters.JUnitReportReporter -->
<testsuite skipped="0" hostname="85749d169552" name="com.newtours.tests.BookFlightTest" tests="20" failures="0" timestamp="10 Sep 2019 13:22:50 GMT" time="125.625" errors="0">
  <testcase name="printConfirmationTest" time="2.117" classname="com.newtours.tests.BookFlightTest"/>
  <testcase name="flightDetailsPageTest" time="3.134" classname="com.newtours.tests.BookFlightTest"/>
  <testcase name="registrationPageTest" time="14.620" classname="com.newtours.tests.BookFlightTest"/>
  <testcase name="findFlightPageTest" time="4.070" classname="com.newtours.tests.BookFlightTest"/>
  <testcase name="registrationConfirmationTest" time="1.739" classname="com.newtours.tests.BookFlightTest"/>
  <testcase name="registrationConfirmationTest" time="3.005" classname="com.newtours.tests.BookFlightTest"/>
  <testcase name="registrationConfirmationTest" time="1.825" classname="com.newtours.tests.BookFlightTest"/>
  <testcase name="flightDetailsPageTest" time="3.475" classname="com.newtours.tests.BookFlightTest"/>
  <testcase name="printConfirmationTest" time="2.400" classname="com.newtours.tests.BookFlightTest"/>
  <testcase name="flightDetailsPageTest" time="1.949" classname="com.newtours.tests.BookFlightTest"/>
  <testcase name="registrationConfirmationTest" time="1.876" classname="com.newtours.tests.BookFlightTest"/>
  <testcase name="printConfirmationTest" time="2.456" classname="com.newtours.tests.BookFlightTest"/>
  <testcase name="findFlightPageTest" time="3.603" classname="com.newtours.tests.BookFlightTest"/>
  <testcase name="registrationPageTest" time="45.317" classname="com.newtours.tests.BookFlightTest"/>
  <testcase name="registrationPageTest" time="12.748" classname="com.newtours.tests.BookFlightTest"/>
  <testcase name="findFlightPageTest" time="3.678" classname="com.newtours.tests.BookFlightTest"/>
  <testcase name="registrationPageTest" time="8.704" classname="com.newtours.tests.BookFlightTest"/>
  <testcase name="findFlightPageTest" time="3.450" classname="com.newtours.tests.BookFlightTest"/>
  <testcase name="flightDetailsPageTest" time="1.817" classname="com.newtours.tests.BookFlightTest"/>
  <testcase name="printConfirmationTest" time="3.642" classname="com.newtours.tests.BookFlightTest"/>
</testsuite> <!-- com.newtours.tests.BookFlightTest -->
