<?xml version="1.0" encoding="UTF-8"?>
<!-- Generated by org.testng.reporters.JUnitReportReporter -->
<testsuite skipped="0" hostname="f9bd8e082d6f" name="com.searchModule.tests.SearchTest" tests="5" failures="0" timestamp="04 Sep 2019 08:47:22 GMT" time="40.600" errors="0">
  <testcase name="search" time="4.524" classname="com.searchModule.tests.SearchTest"/>
  <testcase name="search" time="9.082" classname="com.searchModule.tests.SearchTest"/>
  <testcase name="search" time="5.928" classname="com.searchModule.tests.SearchTest"/>
  <testcase name="search" time="9.629" classname="com.searchModule.tests.SearchTest"/>
  <testcase name="search" time="11.437" classname="com.searchModule.tests.SearchTest"/>
</testsuite> <!-- com.searchModule.tests.SearchTest -->
