<?xml version="1.0" encoding="UTF-8"?>
<!-- Generated by org.testng.reporters.JUnitReportReporter -->
<testsuite skipped="0" hostname="72c06715f831" name="com.newtours.tests.BookFlightTest" tests="20" failures="0" timestamp="04 Sep 2019 07:22:12 GMT" time="181.446" errors="0">
  <testcase name="findFlightPageTest" time="2.474" classname="com.newtours.tests.BookFlightTest"/>
  <testcase name="printConfirmationTest" time="1.060" classname="com.newtours.tests.BookFlightTest"/>
  <testcase name="registrationConfirmationTest" time="27.316" classname="com.newtours.tests.BookFlightTest"/>
  <testcase name="registrationPageTest" time="6.908" classname="com.newtours.tests.BookFlightTest"/>
  <testcase name="flightDetailsPageTest" time="1.274" classname="com.newtours.tests.BookFlightTest"/>
  <testcase name="flightDetailsPageTest" time="1.371" classname="com.newtours.tests.BookFlightTest"/>
  <testcase name="printConfirmationTest" time="1.112" classname="com.newtours.tests.BookFlightTest"/>
  <testcase name="registrationConfirmationTest" time="44.610" classname="com.newtours.tests.BookFlightTest"/>
  <testcase name="registrationPageTest" time="6.793" classname="com.newtours.tests.BookFlightTest"/>
  <testcase name="printConfirmationTest" time="1.285" classname="com.newtours.tests.BookFlightTest"/>
  <testcase name="printConfirmationTest" time="1.100" classname="com.newtours.tests.BookFlightTest"/>
  <testcase name="registrationConfirmationTest" time="19.314" classname="com.newtours.tests.BookFlightTest"/>
  <testcase name="flightDetailsPageTest" time="1.291" classname="com.newtours.tests.BookFlightTest"/>
  <testcase name="registrationPageTest" time="6.748" classname="com.newtours.tests.BookFlightTest"/>
  <testcase name="findFlightPageTest" time="2.476" classname="com.newtours.tests.BookFlightTest"/>
  <testcase name="flightDetailsPageTest" time="1.276" classname="com.newtours.tests.BookFlightTest"/>
  <testcase name="findFlightPageTest" time="2.437" classname="com.newtours.tests.BookFlightTest"/>
  <testcase name="findFlightPageTest" time="2.509" classname="com.newtours.tests.BookFlightTest"/>
  <testcase name="registrationConfirmationTest" time="43.327" classname="com.newtours.tests.BookFlightTest"/>
  <testcase name="registrationPageTest" time="6.765" classname="com.newtours.tests.BookFlightTest"/>
</testsuite> <!-- com.newtours.tests.BookFlightTest -->
